[01m[K/home/oswaldor/trochoids_ws/src/trochoids/src/trochoids.cpp:[m[K In member function â€˜[01m[Kvoid trochoids::Trochoid::exhaustive_numerical_solve(double&, double&, double&, double&, double&, double&, double&, double&, double&, double&, double&, trochoids::Trochoid::Path&)[m[Kâ€™:
[01m[K/home/oswaldor/trochoids_ws/src/trochoids/src/trochoids.cpp:686:29:[m[K [01;31m[Kerror: [m[Kredeclaration of â€˜[01m[Kstd::vector<double> t1[m[Kâ€™
  686 |         std::vector<double> [01;31m[Kt1[m[K = ce.real_roots(only_in_domain);
      |                             [01;31m[K^~[m[K
[01m[K/home/oswaldor/trochoids_ws/src/trochoids/src/trochoids.cpp:661:29:[m[K [01;36m[Knote: [m[Kâ€˜[01m[Kstd::vector<double> t1[m[Kâ€™ previously declared here
  661 |         std::vector<double> [01;36m[Kt1[m[K;
      |                             [01;36m[K^~[m[K
make[3]: *** [CMakeFiles/trochoids.dir/build.make:63: CMakeFiles/trochoids.dir/src/trochoids.cpp.o] Error 1
make[2]: *** [CMakeFiles/Makefile2:315: CMakeFiles/trochoids.dir/all] Error 2
make[1]: *** [CMakeFiles/Makefile2:214: CMakeFiles/tests.dir/rule] Error 2
make: *** [Makefile:201: tests] Error 2
