[01m[K/home/oswaldor/trochoids_ws/src/trochoids/src/trochoids.cpp:[m[K In member function â€˜[01m[Kvoid trochoids::Trochoid::exhaustive_numerical_solve(double&, double&, double&, double&, double&, double&, double&, double&, double&, double&, double&, trochoids::Trochoid::Path&, bool)[m[Kâ€™:
[01m[K/home/oswaldor/trochoids_ws/src/trochoids/src/trochoids.cpp:670:21:[m[K [01;31m[Kerror: [m[Kâ€˜[01m[Kt1[m[Kâ€™ was not declared in this scope; did you mean â€˜[01m[Ktm[m[Kâ€™?
  670 |                     [01;31m[Kt1[m[K.push_back(t1_);
      |                     [01;31m[K^~[m[K
      |                     [32m[Ktm[m[K
[01m[K/home/oswaldor/trochoids_ws/src/trochoids/src/trochoids.cpp:674:23:[m[K [01;31m[Kerror: [m[Kâ€˜[01m[Kt1[m[Kâ€™ was not declared in this scope; did you mean â€˜[01m[Ktm[m[Kâ€™?
  674 |             std::sort([01;31m[Kt1[m[K.begin(), t1.end());
      |                       [01;31m[K^~[m[K
      |                       [32m[Ktm[m[K
make[3]: *** [CMakeFiles/trochoids.dir/build.make:63: CMakeFiles/trochoids.dir/src/trochoids.cpp.o] Error 1
make[2]: *** [CMakeFiles/Makefile2:315: CMakeFiles/trochoids.dir/all] Error 2
make[1]: *** [CMakeFiles/Makefile2:214: CMakeFiles/tests.dir/rule] Error 2
make: *** [Makefile:201: tests] Error 2
